<?xml version="1.0" encoding="UTF-8"?>
<testsuite xmlns:xsi="http://www.w3.org/2001/XMLSchema-instance" xsi:noNamespaceSchemaLocation="https://maven.apache.org/surefire/maven-surefire-plugin/xsd/surefire-test-report-3.0.xsd" version="3.0" name="org.acme.GreetingResourceTest" time="5.063" tests="1" errors="1" skipped="0" failures="0">
  <properties>
[...]
</properties>
  <testcase name="testHelloEndpoint" classname="org.acme.GreetingResourceTest" time="0.007">
    <error type="java.lang.RuntimeException"><![CDATA[java.lang.RuntimeException: java.lang.RuntimeException: Failed to start quarkus
Caused by: java.lang.RuntimeException: Failed to start quarkus
Caused by: org.flywaydb.core.internal.exception.FlywaySqlException: 
Unable to obtain connection from database: FATAL: password authentication failed for user "postgres"
----------------------------------------------------------------------------------------------------
SQL State  : 28P01
Error Code : 0
Message    : FATAL: password authentication failed for user "postgres"

Caused by: org.postgresql.util.PSQLException: FATAL: password authentication failed for user "postgres"
]]></error>
    <system-out><![CDATA[20:14:47 INFO  traceId=, parentId=, spanId=, [or.jb.threads]:52 (main) JBoss Threads version 3.4.2.Final
20:14:49 WARN  traceId=, parentId=, spanId=, [io.qu.mi.de.bi.mp.MicroprofileMetricsProcessor]:98 (build-52) This application uses the MP Metrics API. The micrometer extension currently provides a compatibility layer that supports the MP Metrics API, but metric names and recorded values will be different. Note that the MP Metrics compatibility layer will move to a different extension in the future.
20:14:49 WARN  traceId=, parentId=, spanId=, [io.qu.ar.pr.Methods]:274 (build-16) @Traced will have no effect on method es.EventStore.getAggregate() because the method is private
20:14:49 WARN  traceId=, parentId=, spanId=, [io.qu.ar.pr.Methods]:274 (build-16) @Traced will have no effect on method es.EventStore.getSnapshot() because the method is private
20:14:49 WARN  traceId=, parentId=, spanId=, [io.qu.ar.pr.Methods]:274 (build-16) @Traced will have no effect on method es.EventStore.getSnapshotFromClass() because the method is private
20:14:49 WARN  traceId=, parentId=, spanId=, [io.qu.ar.pr.Methods]:274 (build-16) @Traced will have no effect on method es.EventStore.handleConcurrency() because the method is private
20:14:49 WARN  traceId=, parentId=, spanId=, [io.qu.ar.pr.Methods]:274 (build-16) @Traced will have no effect on method es.EventStore.raiseAggregateEvents() because the method is private
20:14:49 WARN  traceId=, parentId=, spanId=, [io.qu.ar.pr.Methods]:274 (build-16) @Traced will have no effect on method es.EventStore.saveSnapshot() because the method is private
20:14:49 WARN  traceId=, parentId=, spanId=, [io.qu.ar.pr.Methods]:274 (build-16) Annotations @Retry(delay = 500,maxRetries = 3),@Timeout(value = 5000),@Traced will have no effect on method bankAccount.mongoProjection.BankAccountMongoProjection.handle() because the method is private
20:14:49 WARN  traceId=, parentId=, spanId=, [io.qu.ar.pr.Methods]:274 (build-16) Annotations @Retry(delay = 500,maxRetries = 3),@Timeout(value = 5000),@Traced will have no effect on method bankAccount.mongoProjection.BankAccountMongoProjection.handle() because the method is private
20:14:49 WARN  traceId=, parentId=, spanId=, [io.qu.ar.pr.Methods]:274 (build-16) Annotations @Retry(delay = 500,maxRetries = 3),@Timeout(value = 5000),@Traced will have no effect on method bankAccount.mongoProjection.BankAccountMongoProjection.handle() because the method is private
20:14:49 WARN  traceId=, parentId=, spanId=, [io.qu.ar.pr.Methods]:274 (build-16) Annotations @Retry(delay = 500,maxRetries = 3),@Timeout(value = 5000),@Traced will have no effect on method bankAccount.mongoProjection.BankAccountMongoProjection.handle() because the method is private
20:14:51 WARN  traceId=, parentId=, spanId=, [io.ag.pool]:83 (agroal-11) Datasource '<default>': FATAL: password authentication failed for user "postgres"
]]></system-out>
  </testcase>
</testsuite>